Build started 2014-04-12 21:06:17.
     1>Project "D:\ASOD\lab 1\Kamera\Kamera\Kamera.vcxproj" on node 2 (build target(s)).
     1>InitializeBuildStatus:
         Creating "Debug\Kamera.unsuccessfulbuild" because "AlwaysCreate" was specified.
       Midl:
         All outputs are up-to-date.
       ClCompile:
         All outputs are up-to-date.
         c:\Program Files (x86)\Microsoft Visual Studio 10.0\VC\bin\CL.exe /c /I"D:\ASOD\lab 1\Kamera\Kamera\\headers\\" /I"D:\ASOD\lab 1\Kamera\Kamera\\headers\detector" /I"D:\ASOD\lab 1\Kamera\Kamera\\headers\utils" /I"D:\ASOD\lab 1\Kamera\Kamera\\headers\camera" /I"D:\ASOD\lab 1\Kamera\Kamera\\headers\image_processing" /I"D:\ASOD\lab 1\Kamera\Kamera\\headers\camera\baseclasses" /ZI /nologo /W3 /WX- /Od /Oy- /D WIN32 /D _WINDOWS /D _DEBUG /D _MBCS /Gm /EHsc /RTC1 /MTd /GS /fp:precise /Zc:wchar_t /Zc:forScope /Yu"StdAfx.h" /Fp"Debug\Kamera.pch" /Fo"Debug\\" /Fd"Debug\vc100.pdb" /Gd /TP /analyze- /errorReport:prompt sources\image_processing\ImageProcessing.cpp
         ImageProcessing.cpp
     1>d:\asod\lab 1\kamera\kamera\sources\image_processing\imageprocessing.cpp(30): warning C4244: 'argument' : conversion from 'float' to 'int', possible loss of data
     1>d:\asod\lab 1\kamera\kamera\sources\image_processing\imageprocessing.cpp(30): warning C4244: 'argument' : conversion from 'float' to 'int', possible loss of data
     1>d:\asod\lab 1\kamera\kamera\sources\image_processing\imageprocessing.cpp(30): warning C4244: 'argument' : conversion from 'float' to 'int', possible loss of data
     1>d:\asod\lab 1\kamera\kamera\sources\image_processing\imageprocessing.cpp(242): warning C4244: '=' : conversion from 'double' to 'float', possible loss of data
       ResourceCompile:
         All outputs are up-to-date.
       Link:
         c:\Program Files (x86)\Microsoft Visual Studio 10.0\VC\bin\link.exe /ERRORREPORT:PROMPT /OUT:"D:\ASOD\lab 1\Kamera\Debug\Kamera.exe" /INCREMENTAL:NO /NOLOGO /LIBPATH:"D:\ASOD\lab 1\Kamera\Kamera\\lib" /LIBPATH:"C:\Program Files\Microsoft SDKs\Windows\v6.0A\Lib" strmiids.lib strmbasd.lib WINMM.LIB vfw32.lib /MANIFEST /ManifestFile:"Debug\Kamera.exe.intermediate.manifest" /MANIFESTUAC:"level='asInvoker' uiAccess='false'" /DEBUG /PDB:"D:\ASOD\lab 1\Kamera\Debug\Kamera.pdb" /SUBSYSTEM:WINDOWS /TLBID:1 /DYNAMICBASE /NXCOMPAT /IMPLIB:"D:\ASOD\lab 1\Kamera\Debug\Kamera.lib" /MACHINE:X86 Debug\Kamera.res
         Debug\CameraDialog.obj
         Debug\ClickableStatic.obj
         Debug\DlgProxy.obj
         Debug\Kamera.obj
         Debug\KameraDlg.obj
         Debug\ImageProcessing.obj
         Debug\stdafx.obj
         Debug\FileUtils.obj
         Debug\PGM.obj
         Debug\SimpleGraphic.obj
         Debug\SimpleUtils.obj
         Debug\VideoCapture.obj
     1>CameraDialog.obj : warning LNK4075: ignoring '/EDITANDCONTINUE' due to '/INCREMENTAL:NO' specification
     1>strmbasd.lib(amvideo.obj) : warning LNK4099: PDB 'vc80.pdb' was not found with 'strmbasd.lib(amvideo.obj)' or at 'D:\ASOD\lab 1\Kamera\Debug\vc80.pdb'; linking object as if no debug info
     1>strmbasd.lib(combase.obj) : warning LNK4099: PDB 'vc80.pdb' was not found with 'strmbasd.lib(combase.obj)' or at 'D:\ASOD\lab 1\Kamera\Debug\vc80.pdb'; linking object as if no debug info
     1>strmbasd.lib(mtype.obj) : warning LNK4099: PDB 'vc80.pdb' was not found with 'strmbasd.lib(mtype.obj)' or at 'D:\ASOD\lab 1\Kamera\Debug\vc80.pdb'; linking object as if no debug info
     1>strmbasd.lib(wxdebug.obj) : warning LNK4099: PDB 'vc80.pdb' was not found with 'strmbasd.lib(wxdebug.obj)' or at 'D:\ASOD\lab 1\Kamera\Debug\vc80.pdb'; linking object as if no debug info
     1>strmbasd.lib(wxlist.obj) : warning LNK4099: PDB 'vc80.pdb' was not found with 'strmbasd.lib(wxlist.obj)' or at 'D:\ASOD\lab 1\Kamera\Debug\vc80.pdb'; linking object as if no debug info
     1>strmbasd.lib(wxutil.obj) : warning LNK4099: PDB 'vc80.pdb' was not found with 'strmbasd.lib(wxutil.obj)' or at 'D:\ASOD\lab 1\Kamera\Debug\vc80.pdb'; linking object as if no debug info
         Kamera.vcxproj -> D:\ASOD\lab 1\Kamera\Debug\Kamera.exe
       Manifest:
         C:\Program Files (x86)\Microsoft SDKs\Windows\v7.0A\bin\mt.exe /nologo /verbose /outputresource:"D:\ASOD\lab 1\Kamera\Debug\Kamera.exe;#1" /manifest Debug\Kamera.exe.intermediate.manifest "c:\Program Files (x86)\Microsoft Visual Studio 10.0\VC\Include\Manifest\dpiaware.manifest"
       RegisterOutput:
         "D:\ASOD\lab 1\Kamera\Debug\Kamera.exe" /RegServer
       FinalizeBuildStatus:
         Deleting file "Debug\Kamera.unsuccessfulbuild".
         Touching "Debug\Kamera.lastbuildstate".
     1>Done Building Project "D:\ASOD\lab 1\Kamera\Kamera\Kamera.vcxproj" (build target(s)).

Build succeeded.

Time Elapsed 00:00:08.12
